<?xml version="1.0" encoding="UTF-8"?>
<!-- Generated by org.testng.reporters.JUnitReportReporter -->
<testsuite hostname="akash-HP-Laptop-15s-du3xxx" failures="0" tests="3" name="com.amazone.login.Amzone_login_Test" time="14.287" errors="0" timestamp="2023-06-12T19:33:15 IST" skipped="2">
  <testcase classname="com.amazone.login.Amzone_login_Test" name="search" time="14.287"/>
  <system-out/>
  <testcase classname="com.amazone.login.Amzone_login_Test" name="searchproduct">
    <skipped/>
  </testcase> <!-- searchproduct -->
  <system-out/>
  <testcase classname="com.amazone.login.Amzone_login_Test" name="testlogo_icon">
    <skipped/>
  </testcase> <!-- testlogo_icon -->
  <system-out/>
</testsuite> <!-- com.amazone.login.Amzone_login_Test -->
