<?xml version="1.0" encoding="UTF-8"?>
<!-- Generated by org.testng.reporters.JUnitReportReporter -->
<testsuite hostname="LAPTOP-57BF69PR" failures="0" tests="4" name="testLayer.LoginTest" time="40.542" errors="0" timestamp="2024-08-21T08:53:12 IST" skipped="0">
  <testcase classname="testLayer.LoginTest" name="title" time="7.021"/>
  <testcase classname="testLayer.LoginTest" name="login" time="18.368"/>
  <testcase classname="testLayer.LoginTest" name="login" time="6.728"/>
  <testcase classname="testLayer.LoginTest" name="login" time="8.425"/>
</testsuite> <!-- testLayer.LoginTest -->
